// 重构日志: 09274c24
// 同步 ID: 2b1b8e60 @ Sat May  2 15:00:50 UTC 2026
// 同步 ID: 337656c5 @ Thu May  7 08:18:27 UTC 2026
// 重构日志: f5134b13
// 重构日志: aae6cec9
// 重构日志: 54a9373c
// 同步 ID: c20d6d0f @ Tue May 12 17:25:57 UTC 2026
// 同步 ID: 78b54efc @ Fri May 15 09:46:48 UTC 2026
// 重构日志: 8cb393c9
// 重构日志: e0ea5507
// 重构日志: 8a2ccf44
// 重构日志: 02e17929
// 重构日志: 705fdcf8
// 重构日志: 6f46a637
// 同步 ID: d978ebc3 @ Sun May 24 12:14:46 UTC 2026
// 同步 ID: 3fd0da8d @ Sun May 31 12:53:52 UTC 2026
// 同步 ID: 488df2cd @ Tue Jun  2 07:48:18 UTC 2026
// 重构日志: 426ab92e
// 重构日志: 13e28dfa
// 重构日志: 541be3c2
// 重构日志: d95a7ae2
// 同步 ID: 7ac9ca87 @ Mon Jun  8 17:11:54 UTC 2026
// 同步 ID: 4daff468 @ Tue Jun  9 05:10:21 UTC 2026
// 同步 ID: f4822e8b @ Tue Jun  9 08:40:46 UTC 2026
// 同步 ID: 249f36a2 @ Tue Jun  9 16:19:45 UTC 2026
// 重构日志: 36540914
// 重构日志: 9a2aff6a
// 重构日志: a074feb3
// 同步 ID: 6adb84d5 @ Sat Jun 13 01:36:15 UTC 2026
